[www.devangad.xyz/index.html]
[backblue.gif]
[fade.gif]
[index.html]
[www.devangad.xyz/images/favicon.ico]
[www.devangad.xyz/css/swiper.min.css]
[cdnjs.cloudflare.com/ajax/libs/animate.css/3.7.2/animate.min.css]
[unpkg.com/aos@2.3.1/dist/aos.css]
[www.devangad.xyz/docs/CV.pdf]
[www.devangad.xyz/transparent.6.delayed]
[www.devangad.xyz/js/swiper.min.js]
[unpkg.com/@lottiefiles/lottie-player@0.5.1/dist/lottie-player.js]
[unpkg.com/axios@0.19.2/dist/axios.min.js]
[unpkg.com/aos@2.3.1/dist/aos.js]
[www.devangad.xyz/js/smooth-scroll.js]
[www.devangad.xyz/index.html]
[www.devangad.xyz/css/swiper.min.css]
[cdnjs.cloudflare.com/ajax/libs/animate.css/3.7.2/animate.min.css]
[unpkg.com/aos@2.3.1/dist/aos.css]
[www.devangad.xyz/transparent.html]
[kit.fontawesome.com/39cbaae08f.js]
[www.devangad.xyz/css/style.css]
[www.devangad.xyz/images/loader1.gif]
[www.devangad.xyz/css/style.css]
